<!DOCTYPE html PUBLIC "-//W3C//DTD XHTML 1.1//EN" "http://www.w3.org/TR/xhtml11/DTD/xhtml11.dtd">
<html xmlns="http://www.w3.org/1999/xhtml"><head><title>TestNG Report</title><style type="text/css">table {margin-bottom:10px;border-collapse:collapse;empty-cells:show}th,td {border:1px solid #009;padding:.25em .5em}th {vertical-align:bottom}td {vertical-align:top}table a {font-weight:bold}.stripe td {background-color: #E6EBF9}.num {text-align:right}.passedodd td {background-color: #3F3}.passedeven td {background-color: #0A0}.skippedodd td {background-color: #DDD}.skippedeven td {background-color: #CCC}.failedodd td,.attn {background-color: #F33}.failedeven td,.stripe .attn {background-color: #D00}.stacktrace {white-space:pre;font-family:monospace}.totop {font-size:85%;text-align:center;border-bottom:2px solid #000}</style></head><body><table><tr><th>Test</th><th># Passed</th><th># Skipped</th><th># Failed</th><th>Time (ms)</th><th>Included Groups</th><th>Excluded Groups</th></tr><tr><th colspan="7">Suite1</th></tr><tr><td><a href="#t0">Regression</a></td><td class="num">0</td><td class="num">0</td><td class="num attn">6</td><td class="num">36,063</td><td></td><td></td></tr></table><table><thead><tr><th>Class</th><th>Method</th><th>Start</th><th>Time (ms)</th></tr></thead><tbody><tr><th colspan="4">Suite1</th></tr></tbody><tbody id="t0"><tr><th colspan="4">Regression &#8212; failed</th></tr><tr class="failedeven"><td rowspan="6">testCases.Login_Testcase</td><td><a href="#m0">myTest</a></td><td rowspan="6">1592377632132</td><td rowspan="6">35617</td></tr><tr class="failedeven"><td><a href="#m1">myTest</a></td></tr><tr class="failedeven"><td><a href="#m2">myTest</a></td></tr><tr class="failedeven"><td><a href="#m3">myTest</a></td></tr><tr class="failedeven"><td><a href="#m4">myTest</a></td></tr><tr class="failedeven"><td><a href="#m5">myTest</a></td></tr></tbody></table><h2>Regression</h2><h3 id="m0">testCases.Login_Testcase#myTest</h3><table class="result"><tr class="param"><th>Parameter #1</th></tr><tr class="param stripe"><td>{Status=, Platform=android, Username=, Testrun=Yes, S.No=1, URL=https://www.google.com/, Password=}</td></tr><tr><th>Exception</th></tr><tr><td><div class="stacktrace">org.openqa.selenium.SessionNotCreatedException: Unable to create a new remote session. Please check the server log for more details. Original error: An unknown server-side error occurred while processing the command. Original error: Could not find adb.exe in C:\Users\srini\AppData\Local\Android\Sdk\platform-tools\platform-tools\adb.exe,C:\Users\srini\AppData\Local\Android\Sdk\platform-tools\emulator\adb.exe,C:\Users\srini\AppData\Local\Android\Sdk\platform-tools\tools\adb.exe,C:\Users\srini\AppData\Local\Android\Sdk\platform-tools\tools\bin\adb.exe. Do you have the Android SDK installed at &apos;C:\Users\srini\AppData\Local\Android\Sdk\platform-tools&apos;?
Build info: version: &apos;3.141.59&apos;, revision: &apos;e82be7d358&apos;, time: &apos;2018-11-14T08:17:03&apos;
System info: host: &apos;SRINI-PC&apos;, ip: &apos;192.168.1.6&apos;, os.name: &apos;Windows 7&apos;, os.arch: &apos;amd64&apos;, os.version: &apos;6.1&apos;, java.version: &apos;1.8.0_171&apos;
Driver info: driver.version: IntiateDriver
remote stacktrace: UnknownError: An unknown server-side error occurred while processing the command. Original error: Could not find adb.exe in C:\Users\srini\AppData\Local\Android\Sdk\platform-tools\platform-tools\adb.exe,C:\Users\srini\AppData\Local\Android\Sdk\platform-tools\emulator\adb.exe,C:\Users\srini\AppData\Local\Android\Sdk\platform-tools\tools\adb.exe,C:\Users\srini\AppData\Local\Android\Sdk\platform-tools\tools\bin\adb.exe. Do you have the Android SDK installed at &apos;C:\Users\srini\AppData\Local\Android\Sdk\platform-tools&apos;?
    at getResponseForW3CError (C:\Users\srini\AppData\Local\Programs\Appium\resources\app\node_modules\appium-base-driver\lib\protocol\errors.js:826:9)
    at asyncHandler (C:\Users\srini\AppData\Local\Programs\Appium\resources\app\node_modules\appium-base-driver\lib\protocol\protocol.js:447:37)
    at process._tickCallback (internal/process/next_tick.js:68:7)
Build info: version: &apos;3.141.59&apos;, revision: &apos;e82be7d358&apos;, time: &apos;2018-11-14T08:17:03&apos;
System info: host: &apos;SRINI-PC&apos;, ip: &apos;192.168.1.6&apos;, os.name: &apos;Windows 7&apos;, os.arch: &apos;amd64&apos;, os.version: &apos;6.1&apos;, java.version: &apos;1.8.0_171&apos;
Driver info: driver.version: IntiateDriver
	at io.appium.java_client.remote.AppiumCommandExecutor$1.createSession(AppiumCommandExecutor.java:208)
	at io.appium.java_client.remote.AppiumCommandExecutor.createSession(AppiumCommandExecutor.java:217)
	at io.appium.java_client.remote.AppiumCommandExecutor.execute(AppiumCommandExecutor.java:239)
	at org.openqa.selenium.remote.RemoteWebDriver.execute(RemoteWebDriver.java:552)
	at io.appium.java_client.DefaultGenericMobileDriver.execute(DefaultGenericMobileDriver.java:41)
	at io.appium.java_client.AppiumDriver.execute(AppiumDriver.java:1)
	at io.appium.java_client.android.AndroidDriver.execute(AndroidDriver.java:1)
	at org.openqa.selenium.remote.RemoteWebDriver.startSession(RemoteWebDriver.java:213)
	at io.appium.java_client.AppiumDriver.startSession(AppiumDriver.java:336)
	at org.openqa.selenium.remote.RemoteWebDriver.&lt;init&gt;(RemoteWebDriver.java:131)
	at io.appium.java_client.DefaultGenericMobileDriver.&lt;init&gt;(DefaultGenericMobileDriver.java:37)
	at io.appium.java_client.AppiumDriver.&lt;init&gt;(AppiumDriver.java:88)
	at io.appium.java_client.AppiumDriver.&lt;init&gt;(AppiumDriver.java:98)
	at io.appium.java_client.android.AndroidDriver.&lt;init&gt;(AndroidDriver.java:94)
	at com.ReaderManger.SeleniumFunLibrary.IntiateDriver.&lt;init&gt;(IntiateDriver.java:40)
	at testCases.Login_Testcase.myTest(Login_Testcase.java:29)
	at io.appium.java_client.remote.AppiumCommandExecutor$1.createSession(AppiumCommandExecutor.java:186)
	... 40 more
Caused by: org.openqa.selenium.WebDriverException: An unknown server-side error occurred while processing the command. Original error: Could not find adb.exe in C:\Users\srini\AppData\Local\Android\Sdk\platform-tools\platform-tools\adb.exe,C:\Users\srini\AppData\Local\Android\Sdk\platform-tools\emulator\adb.exe,C:\Users\srini\AppData\Local\Android\Sdk\platform-tools\tools\adb.exe,C:\Users\srini\AppData\Local\Android\Sdk\platform-tools\tools\bin\adb.exe. Do you have the Android SDK installed at &apos;C:\Users\srini\AppData\Local\Android\Sdk\platform-tools&apos;?
Build info: version: &apos;3.141.59&apos;, revision: &apos;e82be7d358&apos;, time: &apos;2018-11-14T08:17:03&apos;
System info: host: &apos;SRINI-PC&apos;, ip: &apos;192.168.1.6&apos;, os.name: &apos;Windows 7&apos;, os.arch: &apos;amd64&apos;, os.version: &apos;6.1&apos;, java.version: &apos;1.8.0_171&apos;
Driver info: driver.version: IntiateDriver
remote stacktrace: UnknownError: An unknown server-side error occurred while processing the command. Original error: Could not find adb.exe in C:\Users\srini\AppData\Local\Android\Sdk\platform-tools\platform-tools\adb.exe,C:\Users\srini\AppData\Local\Android\Sdk\platform-tools\emulator\adb.exe,C:\Users\srini\AppData\Local\Android\Sdk\platform-tools\tools\adb.exe,C:\Users\srini\AppData\Local\Android\Sdk\platform-tools\tools\bin\adb.exe. Do you have the Android SDK installed at &apos;C:\Users\srini\AppData\Local\Android\Sdk\platform-tools&apos;?
    at getResponseForW3CError (C:\Users\srini\AppData\Local\Programs\Appium\resources\app\node_modules\appium-base-driver\lib\protocol\errors.js:826:9)
    at asyncHandler (C:\Users\srini\AppData\Local\Programs\Appium\resources\app\node_modules\appium-base-driver\lib\protocol\protocol.js:447:37)
    at process._tickCallback (internal/process/next_tick.js:68:7)
	at org.openqa.selenium.remote.W3CHandshakeResponse.lambda$errorHandler$0(W3CHandshakeResponse.java:62)
	at org.openqa.selenium.remote.HandshakeResponse.lambda$getResponseFunction$0(HandshakeResponse.java:30)
	at org.openqa.selenium.remote.ProtocolHandshake.lambda$createSession$0(ProtocolHandshake.java:126)
	at java.util.stream.ReferencePipeline$3$1.accept(Unknown Source)
	at java.util.Spliterators$ArraySpliterator.tryAdvance(Unknown Source)
	at java.util.stream.ReferencePipeline.forEachWithCancel(Unknown Source)
	at java.util.stream.AbstractPipeline.copyIntoWithCancel(Unknown Source)
	at java.util.stream.AbstractPipeline.copyInto(Unknown Source)
	at java.util.stream.AbstractPipeline.wrapAndCopyInto(Unknown Source)
	at java.util.stream.FindOps$FindOp.evaluateSequential(Unknown Source)
	at java.util.stream.AbstractPipeline.evaluate(Unknown Source)
	at java.util.stream.ReferencePipeline.findFirst(Unknown Source)
	at org.openqa.selenium.remote.ProtocolHandshake.createSession(ProtocolHandshake.java:128)
	... 45 more
... Removed 34 stack frames</div></td></tr></table><p class="totop"><a href="#summary">back to summary</a></p><h3 id="m1">testCases.Login_Testcase#myTest</h3><table class="result"><tr class="param"><th>Parameter #1</th></tr><tr class="param stripe"><td>{Status=, Platform=, Username=, Testrun=, S.No=, URL=, Password=}</td></tr><tr><th>Exception</th></tr><tr><td><div class="stacktrace">java.lang.NullPointerException
	at com.ReaderManger.BaseDriver.BaseDriver.&lt;init&gt;(BaseDriver.java:42)
	at pageobjects.OR_Login.&lt;init&gt;(OR_Login.java:17)
	at pages.Login.&lt;init&gt;(Login.java:23)
	at testCases.Login_Testcase.myTest(Login_Testcase.java:33)
... Removed 25 stack frames</div></td></tr></table><p class="totop"><a href="#summary">back to summary</a></p><h3 id="m2">testCases.Login_Testcase#myTest</h3><table class="result"><tr class="param"><th>Parameter #1</th></tr><tr class="param stripe"><td>{Status=, Platform=, Username=, Testrun=, S.No=, URL=, Password=}</td></tr><tr><th>Exception</th></tr><tr><td><div class="stacktrace">java.lang.NullPointerException
	at com.ReaderManger.BaseDriver.BaseDriver.&lt;init&gt;(BaseDriver.java:42)
	at pageobjects.OR_Login.&lt;init&gt;(OR_Login.java:17)
	at pages.Login.&lt;init&gt;(Login.java:23)
	at testCases.Login_Testcase.myTest(Login_Testcase.java:33)
... Removed 25 stack frames</div></td></tr></table><p class="totop"><a href="#summary">back to summary</a></p><h3 id="m3">testCases.Login_Testcase#myTest</h3><table class="result"><tr class="param"><th>Parameter #1</th></tr><tr class="param stripe"><td>{Status=, Platform=, Username=, Testrun=, S.No=, URL=, Password=}</td></tr><tr><th>Exception</th></tr><tr><td><div class="stacktrace">java.lang.NullPointerException
	at com.ReaderManger.BaseDriver.BaseDriver.&lt;init&gt;(BaseDriver.java:42)
	at pageobjects.OR_Login.&lt;init&gt;(OR_Login.java:17)
	at pages.Login.&lt;init&gt;(Login.java:23)
	at testCases.Login_Testcase.myTest(Login_Testcase.java:33)
... Removed 25 stack frames</div></td></tr></table><p class="totop"><a href="#summary">back to summary</a></p><h3 id="m4">testCases.Login_Testcase#myTest</h3><table class="result"><tr class="param"><th>Parameter #1</th></tr><tr class="param stripe"><td>{Status=, Platform=, Username=, Testrun=, S.No=, URL=, Password=}</td></tr><tr><th>Exception</th></tr><tr><td><div class="stacktrace">java.lang.NullPointerException
	at com.ReaderManger.BaseDriver.BaseDriver.&lt;init&gt;(BaseDriver.java:42)
	at pageobjects.OR_Login.&lt;init&gt;(OR_Login.java:17)
	at pages.Login.&lt;init&gt;(Login.java:23)
	at testCases.Login_Testcase.myTest(Login_Testcase.java:33)
... Removed 25 stack frames</div></td></tr></table><p class="totop"><a href="#summary">back to summary</a></p><h3 id="m5">testCases.Login_Testcase#myTest</h3><table class="result"><tr class="param"><th>Parameter #1</th></tr><tr class="param stripe"><td>{Status=, Platform=, Username=, Testrun=, S.No=, URL=, Password=}</td></tr><tr><th>Exception</th></tr><tr><td><div class="stacktrace">java.lang.NullPointerException
	at com.ReaderManger.BaseDriver.BaseDriver.&lt;init&gt;(BaseDriver.java:42)
	at pageobjects.OR_Login.&lt;init&gt;(OR_Login.java:17)
	at pages.Login.&lt;init&gt;(Login.java:23)
	at testCases.Login_Testcase.myTest(Login_Testcase.java:33)
... Removed 25 stack frames</div></td></tr></table><p class="totop"><a href="#summary">back to summary</a></p></body></html>